app/build/intermediates/manifest_merge_blame_file/debug/processDebugMainManifest/manifest-merger-blame-debug-report.txt
1<?xml version="1.0" encoding="utf-8"?>
2<manifest xmlns:android="http://schemas.android.com/apk/res/android"
3    package="com.example.medicinereminder"
4    android:versionCode="1"
5    android:versionName="1.0" >
6
7    <uses-sdk
7-->INJECTED
8        android:minSdkVersion="24"
8-->INJECTED
9        android:targetSdkVersion="34" />
9-->INJECTED
10
11    <uses-permission android:name="android.permission.RECEIVE_BOOT_COMPLETED" />
11-->src\main\AndroidManifest.xml:5:5-81
11-->src\main\AndroidManifest.xml:5:22-78
12    <uses-permission android:name="android.permission.POST_NOTIFICATIONS" />
12-->src\main\AndroidManifest.xml:6:5-77
12-->src\main\AndroidManifest.xml:6:22-74
13    <uses-permission android:name="android.permission.SCHEDULE_EXACT_ALARM" />
13-->src\main\AndroidManifest.xml:7:5-79
13-->src\main\AndroidManifest.xml:7:22-76
14    <uses-permission android:name="android.permission.FOREGROUND_SERVICE" />
14-->src\main\AndroidManifest.xml:8:5-77
14-->src\main\AndroidManifest.xml:8:22-74
15    <uses-permission android:name="android.permission.FOREGROUND_SERVICE_SPECIAL_USE" />
15-->src\main\AndroidManifest.xml:9:5-89
15-->src\main\AndroidManifest.xml:9:22-86
16    <uses-permission android:name="android.permission.FOREGROUND_SERVICE_MEDIA_PLAYBACK" />
16-->src\main\AndroidManifest.xml:10:5-92
16-->src\main\AndroidManifest.xml:10:22-89
17    <uses-permission android:name="android.permission.USE_FULL_SCREEN_INTENT" />
17-->src\main\AndroidManifest.xml:11:5-81
17-->src\main\AndroidManifest.xml:11:22-78
18    <uses-permission android:name="android.permission.WAKE_LOCK" />
18-->src\main\AndroidManifest.xml:12:5-68
18-->src\main\AndroidManifest.xml:12:22-65
19    <uses-permission android:name="android.permission.DISABLE_KEYGUARD" />
19-->src\main\AndroidManifest.xml:13:5-75
19-->src\main\AndroidManifest.xml:13:22-72
20    <uses-permission android:name="android.permission.SYSTEM_ALERT_WINDOW" />
20-->src\main\AndroidManifest.xml:14:5-78
20-->src\main\AndroidManifest.xml:14:22-75
21    <uses-permission android:name="android.permission.CAMERA" />
21-->src\main\AndroidManifest.xml:15:5-65
21-->src\main\AndroidManifest.xml:15:22-62
22    <uses-permission android:name="android.permission.REQUEST_IGNORE_BATTERY_OPTIMIZATIONS" />
22-->src\main\AndroidManifest.xml:16:5-95
22-->src\main\AndroidManifest.xml:16:22-92
23
24    <uses-feature
24-->src\main\AndroidManifest.xml:17:5-85
25        android:name="android.hardware.camera"
25-->src\main\AndroidManifest.xml:17:19-57
26        android:required="false" />
26-->src\main\AndroidManifest.xml:17:58-82
27
28    <queries>
28-->src\main\AndroidManifest.xml:19:5-23:15
29        <intent>
29-->src\main\AndroidManifest.xml:20:9-22:18
30            <action android:name="android.media.action.IMAGE_CAPTURE" />
30-->src\main\AndroidManifest.xml:21:13-73
30-->src\main\AndroidManifest.xml:21:21-70
31        </intent>
32    </queries>
33
34    <uses-permission android:name="android.permission.INTERNET" />
34-->[com.google.firebase:firebase-auth:24.1.0] AndroidManifest.xml:25:5-67
34-->[com.google.firebase:firebase-auth:24.1.0] AndroidManifest.xml:25:22-64
35    <uses-permission android:name="android.permission.ACCESS_NETWORK_STATE" />
35-->[com.google.firebase:firebase-auth:24.1.0] AndroidManifest.xml:26:5-79
35-->[com.google.firebase:firebase-auth:24.1.0] AndroidManifest.xml:26:22-76
36    <uses-permission android:name="com.google.android.finsky.permission.BIND_GET_INSTALL_REFERRER_SERVICE" />
36-->[com.google.android.gms:play-services-measurement:23.2.0] AndroidManifest.xml:26:5-110
36-->[com.google.android.gms:play-services-measurement:23.2.0] AndroidManifest.xml:26:22-107
37    <uses-permission android:name="com.google.android.gms.permission.AD_ID" />
37-->[com.google.android.gms:play-services-measurement-api:23.2.0] AndroidManifest.xml:25:5-79
37-->[com.google.android.gms:play-services-measurement-api:23.2.0] AndroidManifest.xml:25:22-76
38    <uses-permission android:name="android.permission.ACCESS_ADSERVICES_ATTRIBUTION" />
38-->[com.google.android.gms:play-services-measurement-api:23.2.0] AndroidManifest.xml:26:5-88
38-->[com.google.android.gms:play-services-measurement-api:23.2.0] AndroidManifest.xml:26:22-85
39    <uses-permission android:name="android.permission.ACCESS_ADSERVICES_AD_ID" />
39-->[com.google.android.gms:play-services-measurement-api:23.2.0] AndroidManifest.xml:27:5-82
39-->[com.google.android.gms:play-services-measurement-api:23.2.0] AndroidManifest.xml:27:22-79
40    <uses-permission android:name="com.google.android.providers.gsf.permission.READ_GSERVICES" />
40-->[com.google.android.recaptcha:recaptcha:18.6.1] AndroidManifest.xml:9:5-98
40-->[com.google.android.recaptcha:recaptcha:18.6.1] AndroidManifest.xml:9:22-95
41
42    <permission
42-->[androidx.core:core:1.12.0] AndroidManifest.xml:22:5-24:47
43        android:name="com.example.medicinereminder.DYNAMIC_RECEIVER_NOT_EXPORTED_PERMISSION"
43-->[androidx.core:core:1.12.0] AndroidManifest.xml:23:9-81
44        android:protectionLevel="signature" />
44-->[androidx.core:core:1.12.0] AndroidManifest.xml:24:9-44
45
46    <uses-permission android:name="com.example.medicinereminder.DYNAMIC_RECEIVER_NOT_EXPORTED_PERMISSION" />
46-->[androidx.core:core:1.12.0] AndroidManifest.xml:26:5-97
46-->[androidx.core:core:1.12.0] AndroidManifest.xml:26:22-94
47
48    <application
48-->src\main\AndroidManifest.xml:25:5-116:19
49        android:allowBackup="true"
49-->src\main\AndroidManifest.xml:26:9-35
50        android:appComponentFactory="androidx.core.app.CoreComponentFactory"
50-->[androidx.core:core:1.12.0] AndroidManifest.xml:28:18-86
51        android:debuggable="true"
52        android:extractNativeLibs="false"
52-->INJECTED
53        android:icon="@mipmap/ic_launcher"
53-->src\main\AndroidManifest.xml:27:9-43
54        android:label="@string/app_name"
54-->src\main\AndroidManifest.xml:28:9-41
55        android:roundIcon="@mipmap/ic_launcher_round"
55-->src\main\AndroidManifest.xml:29:9-54
56        android:supportsRtl="true"
56-->src\main\AndroidManifest.xml:30:9-35
57        android:theme="@style/Theme.MedicineReminder" >
57-->src\main\AndroidManifest.xml:31:9-54
58        <activity
58-->src\main\AndroidManifest.xml:33:9-40:20
59            android:name="com.example.medicinereminder.ui.LoginActivity"
59-->src\main\AndroidManifest.xml:34:13-45
60            android:exported="true" >
60-->src\main\AndroidManifest.xml:35:13-36
61            <intent-filter>
61-->src\main\AndroidManifest.xml:36:13-39:29
62                <action android:name="android.intent.action.MAIN" />
62-->src\main\AndroidManifest.xml:37:17-69
62-->src\main\AndroidManifest.xml:37:25-66
63
64                <category android:name="android.intent.category.LAUNCHER" />
64-->src\main\AndroidManifest.xml:38:17-77
64-->src\main\AndroidManifest.xml:38:27-74
65            </intent-filter>
66        </activity>
67        <activity
67-->src\main\AndroidManifest.xml:42:9-44:40
68            android:name="com.example.medicinereminder.ui.SignUpActivity"
68-->src\main\AndroidManifest.xml:43:13-46
69            android:exported="false" />
69-->src\main\AndroidManifest.xml:44:13-37
70        <activity
70-->src\main\AndroidManifest.xml:46:9-48:40
71            android:name="com.example.medicinereminder.ui.MainActivity"
71-->src\main\AndroidManifest.xml:47:13-44
72            android:exported="false" />
72-->src\main\AndroidManifest.xml:48:13-37
73        <activity
73-->src\main\AndroidManifest.xml:50:9-54:58
74            android:name="com.example.medicinereminder.ui.AddEditMedicineActivity"
74-->src\main\AndroidManifest.xml:51:13-55
75            android:exported="false"
75-->src\main\AndroidManifest.xml:52:13-37
76            android:parentActivityName="com.example.medicinereminder.ui.MainActivity"
76-->src\main\AndroidManifest.xml:53:13-58
77            android:windowSoftInputMode="adjustResize" />
77-->src\main\AndroidManifest.xml:54:13-55
78        <activity
78-->src\main\AndroidManifest.xml:56:9-59:61
79            android:name="com.example.medicinereminder.ui.StatsActivity"
79-->src\main\AndroidManifest.xml:57:13-45
80            android:exported="false"
80-->src\main\AndroidManifest.xml:58:13-37
81            android:parentActivityName="com.example.medicinereminder.ui.MainActivity" />
81-->src\main\AndroidManifest.xml:59:13-58
82        <activity
82-->src\main\AndroidManifest.xml:61:9-64:61
83            android:name="com.example.medicinereminder.ui.StockActivity"
83-->src\main\AndroidManifest.xml:62:13-45
84            android:exported="false"
84-->src\main\AndroidManifest.xml:63:13-37
85            android:parentActivityName="com.example.medicinereminder.ui.MainActivity" />
85-->src\main\AndroidManifest.xml:64:13-58
86        <activity
86-->src\main\AndroidManifest.xml:66:9-69:61
87            android:name="com.example.medicinereminder.ui.ProfileActivity"
87-->src\main\AndroidManifest.xml:67:13-47
88            android:exported="false"
88-->src\main\AndroidManifest.xml:68:13-37
89            android:parentActivityName="com.example.medicinereminder.ui.MainActivity" />
89-->src\main\AndroidManifest.xml:69:13-58
90        <activity
90-->src\main\AndroidManifest.xml:71:9-77:43
91            android:name="com.example.medicinereminder.ui.AlarmActivity"
91-->src\main\AndroidManifest.xml:72:13-45
92            android:exported="false"
92-->src\main\AndroidManifest.xml:73:13-37
93            android:launchMode="singleInstance"
93-->src\main\AndroidManifest.xml:74:13-48
94            android:showOnLockScreen="true"
94-->src\main\AndroidManifest.xml:75:13-44
95            android:showWhenLocked="true"
95-->src\main\AndroidManifest.xml:76:13-42
96            android:turnScreenOn="true" />
96-->src\main\AndroidManifest.xml:77:13-40
97
98        <receiver
98-->src\main\AndroidManifest.xml:79:9-83:46
99            android:name="com.example.medicinereminder.receiver.AlarmReceiver"
99-->src\main\AndroidManifest.xml:80:13-51
100            android:directBootAware="true"
100-->src\main\AndroidManifest.xml:83:13-43
101            android:enabled="true"
101-->src\main\AndroidManifest.xml:81:13-35
102            android:exported="true" />
102-->src\main\AndroidManifest.xml:82:13-36
103        <receiver
103-->src\main\AndroidManifest.xml:85:9-94:20
104            android:name="com.example.medicinereminder.receiver.BootReceiver"
104-->src\main\AndroidManifest.xml:86:13-50
105            android:directBootAware="true"
105-->src\main\AndroidManifest.xml:89:13-43
106            android:enabled="true"
106-->src\main\AndroidManifest.xml:87:13-35
107            android:exported="true" >
107-->src\main\AndroidManifest.xml:88:13-36
108            <intent-filter>
108-->src\main\AndroidManifest.xml:90:13-93:29
109                <action android:name="android.intent.action.BOOT_COMPLETED" />
109-->src\main\AndroidManifest.xml:91:17-79
109-->src\main\AndroidManifest.xml:91:25-76
110                <action android:name="android.intent.action.QUICKBOOT_POWERON" />
110-->src\main\AndroidManifest.xml:92:17-82
110-->src\main\AndroidManifest.xml:92:25-79
111            </intent-filter>
112        </receiver>
113
114        <service
114-->src\main\AndroidManifest.xml:96:9-104:19
115            android:name="com.example.medicinereminder.service.AlarmService"
115-->src\main\AndroidManifest.xml:97:13-49
116            android:directBootAware="true"
116-->src\main\AndroidManifest.xml:101:13-43
117            android:enabled="true"
117-->src\main\AndroidManifest.xml:98:13-35
118            android:exported="false"
118-->src\main\AndroidManifest.xml:99:13-37
119            android:foregroundServiceType="specialUse" >
119-->src\main\AndroidManifest.xml:100:13-55
120            <property
120-->src\main\AndroidManifest.xml:102:13-103:157
121                android:name="android.app.PROPERTY_SPECIAL_USE_FGS_TYPE"
121-->src\main\AndroidManifest.xml:102:23-79
122                android:value="Medicine reminder alarm that needs to play sound and show full screen intent even when device is locked or app is closed." />
122-->src\main\AndroidManifest.xml:103:17-154
123        </service>
124
125        <provider
125-->INJECTED
126            android:name="androidx.core.content.FileProvider"
126-->src\main\AndroidManifest.xml:107:13-62
127            android:authorities="com.example.medicinereminder.fileprovider"
127-->INJECTED
128            android:exported="false"
128-->src\main\AndroidManifest.xml:109:13-37
129            android:grantUriPermissions="true" >
129-->src\main\AndroidManifest.xml:110:13-47
130            <meta-data
130-->src\main\AndroidManifest.xml:111:13-113:54
131                android:name="android.support.FILE_PROVIDER_PATHS"
131-->src\main\AndroidManifest.xml:112:17-67
132                android:resource="@xml/file_paths" />
132-->src\main\AndroidManifest.xml:113:17-51
133        </provider>
134        <provider
134-->[androidx.emoji2:emoji2:1.2.0] AndroidManifest.xml:24:9-32:20
135            android:name="androidx.startup.InitializationProvider"
135-->[androidx.emoji2:emoji2:1.2.0] AndroidManifest.xml:25:13-67
136            android:authorities="com.example.medicinereminder.androidx-startup"
136-->[androidx.emoji2:emoji2:1.2.0] AndroidManifest.xml:26:13-68
137            android:exported="false" >
137-->[androidx.emoji2:emoji2:1.2.0] AndroidManifest.xml:27:13-37
138            <meta-data
138-->[androidx.emoji2:emoji2:1.2.0] AndroidManifest.xml:29:13-31:52
139                android:name="androidx.emoji2.text.EmojiCompatInitializer"
139-->[androidx.emoji2:emoji2:1.2.0] AndroidManifest.xml:30:17-75
140                android:value="androidx.startup" />
140-->[androidx.emoji2:emoji2:1.2.0] AndroidManifest.xml:31:17-49
141            <meta-data
141-->[androidx.lifecycle:lifecycle-process:2.6.1] AndroidManifest.xml:29:13-31:52
142                android:name="androidx.lifecycle.ProcessLifecycleInitializer"
142-->[androidx.lifecycle:lifecycle-process:2.6.1] AndroidManifest.xml:30:17-78
143                android:value="androidx.startup" />
143-->[androidx.lifecycle:lifecycle-process:2.6.1] AndroidManifest.xml:31:17-49
144            <meta-data
144-->[androidx.profileinstaller:profileinstaller:1.3.0] AndroidManifest.xml:29:13-31:52
145                android:name="androidx.profileinstaller.ProfileInstallerInitializer"
145-->[androidx.profileinstaller:profileinstaller:1.3.0] AndroidManifest.xml:30:17-85
146                android:value="androidx.startup" />
146-->[androidx.profileinstaller:profileinstaller:1.3.0] AndroidManifest.xml:31:17-49
147        </provider>
148
149        <activity
149-->[com.google.firebase:firebase-auth:24.1.0] AndroidManifest.xml:29:9-46:20
150            android:name="com.google.firebase.auth.internal.GenericIdpActivity"
150-->[com.google.firebase:firebase-auth:24.1.0] AndroidManifest.xml:30:13-80
151            android:excludeFromRecents="true"
151-->[com.google.firebase:firebase-auth:24.1.0] AndroidManifest.xml:31:13-46
152            android:exported="true"
152-->[com.google.firebase:firebase-auth:24.1.0] AndroidManifest.xml:32:13-36
153            android:launchMode="singleTask"
153-->[com.google.firebase:firebase-auth:24.1.0] AndroidManifest.xml:33:13-44
154            android:theme="@android:style/Theme.Translucent.NoTitleBar" >
154-->[com.google.firebase:firebase-auth:24.1.0] AndroidManifest.xml:34:13-72
155            <intent-filter>
155-->[com.google.firebase:firebase-auth:24.1.0] AndroidManifest.xml:35:13-45:29
156                <action android:name="android.intent.action.VIEW" />
156-->[com.google.firebase:firebase-auth:24.1.0] AndroidManifest.xml:36:17-69
156-->[com.google.firebase:firebase-auth:24.1.0] AndroidManifest.xml:36:25-66
157
158                <category android:name="android.intent.category.DEFAULT" />
158-->[com.google.firebase:firebase-auth:24.1.0] AndroidManifest.xml:38:17-76
158-->[com.google.firebase:firebase-auth:24.1.0] AndroidManifest.xml:38:27-73
159                <category android:name="android.intent.category.BROWSABLE" />
159-->[com.google.firebase:firebase-auth:24.1.0] AndroidManifest.xml:39:17-78
159-->[com.google.firebase:firebase-auth:24.1.0] AndroidManifest.xml:39:27-75
160
161                <data
161-->[com.google.firebase:firebase-auth:24.1.0] AndroidManifest.xml:41:17-44:51
162                    android:host="firebase.auth"
162-->[com.google.firebase:firebase-auth:24.1.0] AndroidManifest.xml:42:21-49
163                    android:path="/"
163-->[com.google.firebase:firebase-auth:24.1.0] AndroidManifest.xml:43:21-37
164                    android:scheme="genericidp" />
164-->[com.google.firebase:firebase-auth:24.1.0] AndroidManifest.xml:44:21-48
165            </intent-filter>
166        </activity>
167        <activity
167-->[com.google.firebase:firebase-auth:24.1.0] AndroidManifest.xml:47:9-64:20
168            android:name="com.google.firebase.auth.internal.RecaptchaActivity"
168-->[com.google.firebase:firebase-auth:24.1.0] AndroidManifest.xml:48:13-79
169            android:excludeFromRecents="true"
169-->[com.google.firebase:firebase-auth:24.1.0] AndroidManifest.xml:49:13-46
170            android:exported="true"
170-->[com.google.firebase:firebase-auth:24.1.0] AndroidManifest.xml:50:13-36
171            android:launchMode="singleTask"
171-->[com.google.firebase:firebase-auth:24.1.0] AndroidManifest.xml:51:13-44
172            android:theme="@android:style/Theme.Translucent.NoTitleBar" >
172-->[com.google.firebase:firebase-auth:24.1.0] AndroidManifest.xml:52:13-72
173            <intent-filter>
173-->[com.google.firebase:firebase-auth:24.1.0] AndroidManifest.xml:53:13-63:29
174                <action android:name="android.intent.action.VIEW" />
174-->[com.google.firebase:firebase-auth:24.1.0] AndroidManifest.xml:36:17-69
174-->[com.google.firebase:firebase-auth:24.1.0] AndroidManifest.xml:36:25-66
175
176                <category android:name="android.intent.category.DEFAULT" />
176-->[com.google.firebase:firebase-auth:24.1.0] AndroidManifest.xml:38:17-76
176-->[com.google.firebase:firebase-auth:24.1.0] AndroidManifest.xml:38:27-73
177                <category android:name="android.intent.category.BROWSABLE" />
177-->[com.google.firebase:firebase-auth:24.1.0] AndroidManifest.xml:39:17-78
177-->[com.google.firebase:firebase-auth:24.1.0] AndroidManifest.xml:39:27-75
178
179                <data
179-->[com.google.firebase:firebase-auth:24.1.0] AndroidManifest.xml:41:17-44:51
180                    android:host="firebase.auth"
180-->[com.google.firebase:firebase-auth:24.1.0] AndroidManifest.xml:42:21-49
181                    android:path="/"
181-->[com.google.firebase:firebase-auth:24.1.0] AndroidManifest.xml:43:21-37
182                    android:scheme="recaptcha" />
182-->[com.google.firebase:firebase-auth:24.1.0] AndroidManifest.xml:44:21-48
183            </intent-filter>
184        </activity>
185
186        <service
186-->[com.google.firebase:firebase-auth:24.1.0] AndroidManifest.xml:66:9-72:19
187            android:name="com.google.firebase.components.ComponentDiscoveryService"
187-->[com.google.firebase:firebase-auth:24.1.0] AndroidManifest.xml:67:13-84
188            android:directBootAware="true"
188-->[com.google.firebase:firebase-common:22.0.1] AndroidManifest.xml:32:13-43
189            android:exported="false" >
189-->[com.google.firebase:firebase-auth:24.1.0] AndroidManifest.xml:68:13-37
190            <meta-data
190-->[com.google.firebase:firebase-auth:24.1.0] AndroidManifest.xml:69:13-71:85
191                android:name="com.google.firebase.components:com.google.firebase.auth.FirebaseAuthRegistrar"
191-->[com.google.firebase:firebase-auth:24.1.0] AndroidManifest.xml:70:17-109
192                android:value="com.google.firebase.components.ComponentRegistrar" />
192-->[com.google.firebase:firebase-auth:24.1.0] AndroidManifest.xml:71:17-82
193            <meta-data
193-->[com.google.firebase:firebase-database:22.0.1] AndroidManifest.xml:29:13-31:85
194                android:name="com.google.firebase.components:com.google.firebase.database.FirebaseDatabaseKtxRegistrar"
194-->[com.google.firebase:firebase-database:22.0.1] AndroidManifest.xml:30:17-120
195                android:value="com.google.firebase.components.ComponentRegistrar" />
195-->[com.google.firebase:firebase-database:22.0.1] AndroidManifest.xml:31:17-82
196            <meta-data
196-->[com.google.firebase:firebase-database:22.0.1] AndroidManifest.xml:32:13-34:85
197                android:name="com.google.firebase.components:com.google.firebase.database.DatabaseRegistrar"
197-->[com.google.firebase:firebase-database:22.0.1] AndroidManifest.xml:33:17-109
198                android:value="com.google.firebase.components.ComponentRegistrar" />
198-->[com.google.firebase:firebase-database:22.0.1] AndroidManifest.xml:34:17-82
199            <meta-data
199-->[com.google.android.gms:play-services-measurement-api:23.2.0] AndroidManifest.xml:33:13-35:85
200                android:name="com.google.firebase.components:com.google.firebase.analytics.connector.internal.AnalyticsConnectorRegistrar"
200-->[com.google.android.gms:play-services-measurement-api:23.2.0] AndroidManifest.xml:34:17-139
201                android:value="com.google.firebase.components.ComponentRegistrar" />
201-->[com.google.android.gms:play-services-measurement-api:23.2.0] AndroidManifest.xml:35:17-82
202            <meta-data
202-->[com.google.firebase:firebase-installations:19.1.0] AndroidManifest.xml:15:13-17:85
203                android:name="com.google.firebase.components:com.google.firebase.installations.FirebaseInstallationsKtxRegistrar"
203-->[com.google.firebase:firebase-installations:19.1.0] AndroidManifest.xml:16:17-130
204                android:value="com.google.firebase.components.ComponentRegistrar" />
204-->[com.google.firebase:firebase-installations:19.1.0] AndroidManifest.xml:17:17-82
205            <meta-data
205-->[com.google.firebase:firebase-installations:19.1.0] AndroidManifest.xml:18:13-20:85
206                android:name="com.google.firebase.components:com.google.firebase.installations.FirebaseInstallationsRegistrar"
206-->[com.google.firebase:firebase-installations:19.1.0] AndroidManifest.xml:19:17-127
207                android:value="com.google.firebase.components.ComponentRegistrar" />
207-->[com.google.firebase:firebase-installations:19.1.0] AndroidManifest.xml:20:17-82
208            <meta-data
208-->[com.google.firebase:firebase-common:22.0.1] AndroidManifest.xml:35:13-37:85
209                android:name="com.google.firebase.components:com.google.firebase.FirebaseCommonKtxRegistrar"
209-->[com.google.firebase:firebase-common:22.0.1] AndroidManifest.xml:36:17-109
210                android:value="com.google.firebase.components.ComponentRegistrar" />
210-->[com.google.firebase:firebase-common:22.0.1] AndroidManifest.xml:37:17-82
211        </service>
212
213        <receiver
213-->[com.google.android.gms:play-services-measurement:23.2.0] AndroidManifest.xml:29:9-33:20
214            android:name="com.google.android.gms.measurement.AppMeasurementReceiver"
214-->[com.google.android.gms:play-services-measurement:23.2.0] AndroidManifest.xml:30:13-85
215            android:enabled="true"
215-->[com.google.android.gms:play-services-measurement:23.2.0] AndroidManifest.xml:31:13-35
216            android:exported="false" >
216-->[com.google.android.gms:play-services-measurement:23.2.0] AndroidManifest.xml:32:13-37
217        </receiver>
218
219        <service
219-->[com.google.android.gms:play-services-measurement:23.2.0] AndroidManifest.xml:35:9-38:40
220            android:name="com.google.android.gms.measurement.AppMeasurementService"
220-->[com.google.android.gms:play-services-measurement:23.2.0] AndroidManifest.xml:36:13-84
221            android:enabled="true"
221-->[com.google.android.gms:play-services-measurement:23.2.0] AndroidManifest.xml:37:13-35
222            android:exported="false" />
222-->[com.google.android.gms:play-services-measurement:23.2.0] AndroidManifest.xml:38:13-37
223        <service
223-->[com.google.android.gms:play-services-measurement:23.2.0] AndroidManifest.xml:39:9-43:72
224            android:name="com.google.android.gms.measurement.AppMeasurementJobService"
224-->[com.google.android.gms:play-services-measurement:23.2.0] AndroidManifest.xml:40:13-87
225            android:enabled="true"
225-->[com.google.android.gms:play-services-measurement:23.2.0] AndroidManifest.xml:41:13-35
226            android:exported="false"
226-->[com.google.android.gms:play-services-measurement:23.2.0] AndroidManifest.xml:42:13-37
227            android:permission="android.permission.BIND_JOB_SERVICE" />
227-->[com.google.android.gms:play-services-measurement:23.2.0] AndroidManifest.xml:43:13-69
228        <service
228-->[androidx.credentials:credentials-play-services-auth:1.2.0-rc01] AndroidManifest.xml:24:9-32:19
229            android:name="androidx.credentials.playservices.CredentialProviderMetadataHolder"
229-->[androidx.credentials:credentials-play-services-auth:1.2.0-rc01] AndroidManifest.xml:25:13-94
230            android:enabled="true"
230-->[androidx.credentials:credentials-play-services-auth:1.2.0-rc01] AndroidManifest.xml:26:13-35
231            android:exported="false" >
231-->[androidx.credentials:credentials-play-services-auth:1.2.0-rc01] AndroidManifest.xml:27:13-37
232            <meta-data
232-->[androidx.credentials:credentials-play-services-auth:1.2.0-rc01] AndroidManifest.xml:29:13-31:104
233                android:name="androidx.credentials.CREDENTIAL_PROVIDER_KEY"
233-->[androidx.credentials:credentials-play-services-auth:1.2.0-rc01] AndroidManifest.xml:30:17-76
234                android:value="androidx.credentials.playservices.CredentialProviderPlayServicesImpl" />
234-->[androidx.credentials:credentials-play-services-auth:1.2.0-rc01] AndroidManifest.xml:31:17-101
235        </service>
236
237        <activity
237-->[androidx.credentials:credentials-play-services-auth:1.2.0-rc01] AndroidManifest.xml:34:9-41:20
238            android:name="androidx.credentials.playservices.HiddenActivity"
238-->[androidx.credentials:credentials-play-services-auth:1.2.0-rc01] AndroidManifest.xml:35:13-76
239            android:configChanges="orientation|screenSize|screenLayout|keyboardHidden"
239-->[androidx.credentials:credentials-play-services-auth:1.2.0-rc01] AndroidManifest.xml:36:13-87
240            android:enabled="true"
240-->[androidx.credentials:credentials-play-services-auth:1.2.0-rc01] AndroidManifest.xml:37:13-35
241            android:exported="false"
241-->[androidx.credentials:credentials-play-services-auth:1.2.0-rc01] AndroidManifest.xml:38:13-37
242            android:fitsSystemWindows="true"
242-->[androidx.credentials:credentials-play-services-auth:1.2.0-rc01] AndroidManifest.xml:39:13-45
243            android:theme="@style/Theme.Hidden" >
243-->[androidx.credentials:credentials-play-services-auth:1.2.0-rc01] AndroidManifest.xml:40:13-48
244        </activity>
245        <activity
245-->[com.google.android.gms:play-services-auth:20.7.0] AndroidManifest.xml:23:9-27:75
246            android:name="com.google.android.gms.auth.api.signin.internal.SignInHubActivity"
246-->[com.google.android.gms:play-services-auth:20.7.0] AndroidManifest.xml:24:13-93
247            android:excludeFromRecents="true"
247-->[com.google.android.gms:play-services-auth:20.7.0] AndroidManifest.xml:25:13-46
248            android:exported="false"
248-->[com.google.android.gms:play-services-auth:20.7.0] AndroidManifest.xml:26:13-37
249            android:theme="@android:style/Theme.Translucent.NoTitleBar" />
249-->[com.google.android.gms:play-services-auth:20.7.0] AndroidManifest.xml:27:13-72
250        <!--
251            Service handling Google Sign-In user revocation. For apps that do not integrate with
252            Google Sign-In, this service will never be started.
253        -->
254        <service
254-->[com.google.android.gms:play-services-auth:20.7.0] AndroidManifest.xml:33:9-37:51
255            android:name="com.google.android.gms.auth.api.signin.RevocationBoundService"
255-->[com.google.android.gms:play-services-auth:20.7.0] AndroidManifest.xml:34:13-89
256            android:exported="true"
256-->[com.google.android.gms:play-services-auth:20.7.0] AndroidManifest.xml:35:13-36
257            android:permission="com.google.android.gms.auth.api.signin.permission.REVOCATION_NOTIFICATION"
257-->[com.google.android.gms:play-services-auth:20.7.0] AndroidManifest.xml:36:13-107
258            android:visibleToInstantApps="true" />
258-->[com.google.android.gms:play-services-auth:20.7.0] AndroidManifest.xml:37:13-48
259
260        <provider
260-->[com.google.firebase:firebase-common:22.0.1] AndroidManifest.xml:23:9-28:39
261            android:name="com.google.firebase.provider.FirebaseInitProvider"
261-->[com.google.firebase:firebase-common:22.0.1] AndroidManifest.xml:24:13-77
262            android:authorities="com.example.medicinereminder.firebaseinitprovider"
262-->[com.google.firebase:firebase-common:22.0.1] AndroidManifest.xml:25:13-72
263            android:directBootAware="true"
263-->[com.google.firebase:firebase-common:22.0.1] AndroidManifest.xml:26:13-43
264            android:exported="false"
264-->[com.google.firebase:firebase-common:22.0.1] AndroidManifest.xml:27:13-37
265            android:initOrder="100" />
265-->[com.google.firebase:firebase-common:22.0.1] AndroidManifest.xml:28:13-36
266
267        <activity
267-->[com.google.android.gms:play-services-base:18.5.0] AndroidManifest.xml:5:9-173
268            android:name="com.google.android.gms.common.api.GoogleApiActivity"
268-->[com.google.android.gms:play-services-base:18.5.0] AndroidManifest.xml:5:19-85
269            android:exported="false"
269-->[com.google.android.gms:play-services-base:18.5.0] AndroidManifest.xml:5:146-170
270            android:theme="@android:style/Theme.Translucent.NoTitleBar" />